This is pdfTeX, Version 3.141592653-2.6-1.40.25 (MiKTeX 23.5) (preloaded format=pdflatex 2023.5.21)  31 JUL 2023 14:53
entering extended mode
 restricted \write18 enabled.
 %&-line parsing enabled.
**./sections_subsections.tex
(sections_subsections.tex
LaTeX2e <2022-11-01> patch level 1
L3 programming layer <2023-05-15>
(C:\Users\Brent Palmer\AppData\Local\Programs\MiKTeX\tex/latex/base\book.cls
Document Class: book 2022/07/02 v1.4n Standard LaTeX document class
(C:\Users\Brent Palmer\AppData\Local\Programs\MiKTeX\tex/latex/base\bk12.clo
File: bk12.clo 2022/07/02 v1.4n Standard LaTeX file (size option)
)
\c@part=\count185
\c@chapter=\count186
\c@section=\count187
\c@subsection=\count188
\c@subsubsection=\count189
\c@paragraph=\count190
\c@subparagraph=\count191
\c@figure=\count192
\c@table=\count193
\abovecaptionskip=\skip48
\belowcaptionskip=\skip49
\bibindent=\dimen140
)
(C:\Users\Brent Palmer\AppData\Local\Programs\MiKTeX\tex/latex/lipsum\lipsum.st
y
(C:\Users\Brent Palmer\AppData\Local\Programs\MiKTeX\tex/latex/l3packages/l3key
s2e\l3keys2e.sty
(C:\Users\Brent Palmer\AppData\Local\Programs\MiKTeX\tex/latex/l3kernel\expl3.s
ty
Package: expl3 2023-05-15 L3 programming layer (loader) 

(C:\Users\Brent Palmer\AppData\Local\Programs\MiKTeX\tex/latex/l3backend\l3back
end-pdftex.def
File: l3backend-pdftex.def 2023-04-19 L3 backend support: PDF output (pdfTeX)
\l__color_backend_stack_int=\count194
\l__pdf_internal_box=\box51
))
Package: l3keys2e 2023-02-02 LaTeX2e option processing using LaTeX3 keys
)
Package: lipsum 2021-09-20 v2.7 150 paragraphs of Lorem Ipsum dummy text
\g__lipsum_par_int=\count195
\l__lipsum_a_int=\count196
\l__lipsum_b_int=\count197

(C:\Users\Brent Palmer\AppData\Local\Programs\MiKTeX\tex/latex/lipsum\lipsum.lt
d.tex)) (sections_subsections.aux)
\openout1 = `sections_subsections.aux'.

LaTeX Font Info:    Checking defaults for OML/cmm/m/it on input line 12.
LaTeX Font Info:    ... okay on input line 12.
LaTeX Font Info:    Checking defaults for OMS/cmsy/m/n on input line 12.
LaTeX Font Info:    ... okay on input line 12.
LaTeX Font Info:    Checking defaults for OT1/cmr/m/n on input line 12.
LaTeX Font Info:    ... okay on input line 12.
LaTeX Font Info:    Checking defaults for T1/cmr/m/n on input line 12.
LaTeX Font Info:    ... okay on input line 12.
LaTeX Font Info:    Checking defaults for TS1/cmr/m/n on input line 12.
LaTeX Font Info:    ... okay on input line 12.
LaTeX Font Info:    Checking defaults for OMX/cmex/m/n on input line 12.
LaTeX Font Info:    ... okay on input line 12.
LaTeX Font Info:    Checking defaults for U/cmr/m/n on input line 12.
LaTeX Font Info:    ... okay on input line 12.
LaTeX Font Info:    External font `cmex10' loaded for size
(Font)              <14.4> on input line 14.
LaTeX Font Info:    External font `cmex10' loaded for size
(Font)              <7> on input line 14.
LaTeX Font Info:    External font `cmex10' loaded for size
(Font)              <10.95> on input line 14.
LaTeX Font Info:    External font `cmex10' loaded for size
(Font)              <8> on input line 14.
LaTeX Font Info:    External font `cmex10' loaded for size
(Font)              <6> on input line 14.
 [1


{C:/Users/Brent Palmer/AppData/Local/MiKTeX/fonts/map/pdftex/pdftex.map}] [2

] (sections_subsections.toc
LaTeX Font Info:    External font `cmex10' loaded for size
(Font)              <12> on input line 3.
)
\tf@toc=\write3
\openout3 = `sections_subsections.toc'.

 [3] [4

] [5]
[6]
Chapter 1.
[7

] [8] [9] [10] (sections_subsections.aux) ) 
Here is how much of TeX's memory you used:
 944 strings out of 476410
 20662 string characters out of 5785773
 1856845 words of memory out of 5000000
 21357 multiletter control sequences out of 15000+600000
 519329 words of font info for 55 fonts, out of 8000000 for 9000
 1141 hyphenation exceptions out of 8191
 72i,11n,77p,226b,252s stack positions out of 10000i,1000n,20000p,200000b,200000s
<C:/Users/Brent Palmer/AppData/Local
/Programs/MiKTeX/fonts/type1/public/amsfonts/cm/cmbx12.pfb><C:/Users/Brent Palm
er/AppData/Local/Programs/MiKTeX/fonts/type1/public/amsfonts/cm/cmr10.pfb><C:/U
sers/Brent Palmer/AppData/Local/Programs/MiKTeX/fonts/type1/public/amsfonts/cm/
cmr12.pfb><C:/Users/Brent Palmer/AppData/Local/Programs/MiKTeX/fonts/type1/publ
ic/amsfonts/cm/cmr17.pfb><C:/Users/Brent Palmer/AppData/Local/Programs/MiKTeX/f
onts/type1/public/amsfonts/cm/cmr8.pfb><C:/Users/Brent Palmer/AppData/Local/Pro
grams/MiKTeX/fonts/type1/public/amsfonts/cm/cmsl12.pfb>
Output written on sections_subsections.pdf (10 pages, 92092 bytes).
PDF statistics:
 65 PDF objects out of 1000 (max. 8388607)
 0 named destinations out of 1000 (max. 500000)
 1 words of extra memory for PDF output out of 10000 (max. 10000000)

