This is pdfTeX, Version 3.141592653-2.6-1.40.25 (MiKTeX 23.5) (preloaded format=pdflatex 2023.5.21)  22 MAY 2023 13:04
entering extended mode
 restricted \write18 enabled.
 %&-line parsing enabled.
**./documentclass.tex
(documentclass.tex
LaTeX2e <2022-11-01> patch level 1
L3 programming layer <2023-05-15>
(C:\Users\Brent Palmer\AppData\Local\Programs\MiKTeX\tex/latex/base\article.cls
Document Class: article 2022/07/02 v1.4n Standard LaTeX document class
(C:\Users\Brent Palmer\AppData\Local\Programs\MiKTeX\tex/latex/base\size12.clo
File: size12.clo 2022/07/02 v1.4n Standard LaTeX file (size option)
)
\c@part=\count185
\c@section=\count186
\c@subsection=\count187
\c@subsubsection=\count188
\c@paragraph=\count189
\c@subparagraph=\count190
\c@figure=\count191
\c@table=\count192
\abovecaptionskip=\skip48
\belowcaptionskip=\skip49
\bibindent=\dimen140
)
(C:\Users\Brent Palmer\AppData\Local\Programs\MiKTeX\tex/latex/base\inputenc.st
y
Package: inputenc 2021/02/14 v1.3d Input encoding file
\inpenc@prehook=\toks16
\inpenc@posthook=\toks17
)
(C:\Users\Brent Palmer\AppData\Local\Programs\MiKTeX\tex/latex/lipsum\lipsum.st
y
(C:\Users\Brent Palmer\AppData\Local\Programs\MiKTeX\tex/latex/l3packages/l3key
s2e\l3keys2e.sty
(C:\Users\Brent Palmer\AppData\Local\Programs\MiKTeX\tex/latex/l3kernel\expl3.s
ty
Package: expl3 2023-05-15 L3 programming layer (loader) 

(C:\Users\Brent Palmer\AppData\Local\Programs\MiKTeX\tex/latex/l3backend\l3back
end-pdftex.def
File: l3backend-pdftex.def 2023-04-19 L3 backend support: PDF output (pdfTeX)
\l__color_backend_stack_int=\count193
\l__pdf_internal_box=\box51
))
Package: l3keys2e 2023-02-02 LaTeX2e option processing using LaTeX3 keys
)
Package: lipsum 2021-09-20 v2.7 150 paragraphs of Lorem Ipsum dummy text
\g__lipsum_par_int=\count194
\l__lipsum_a_int=\count195
\l__lipsum_b_int=\count196

(C:\Users\Brent Palmer\AppData\Local\Programs\MiKTeX\tex/latex/lipsum\lipsum.lt
d.tex)) (documentclass.aux)
\openout1 = `documentclass.aux'.

LaTeX Font Info:    Checking defaults for OML/cmm/m/it on input line 26.
LaTeX Font Info:    ... okay on input line 26.
LaTeX Font Info:    Checking defaults for OMS/cmsy/m/n on input line 26.
LaTeX Font Info:    ... okay on input line 26.
LaTeX Font Info:    Checking defaults for OT1/cmr/m/n on input line 26.
LaTeX Font Info:    ... okay on input line 26.
LaTeX Font Info:    Checking defaults for T1/cmr/m/n on input line 26.
LaTeX Font Info:    ... okay on input line 26.
LaTeX Font Info:    Checking defaults for TS1/cmr/m/n on input line 26.
LaTeX Font Info:    ... okay on input line 26.
LaTeX Font Info:    Checking defaults for OMX/cmex/m/n on input line 26.
LaTeX Font Info:    ... okay on input line 26.
LaTeX Font Info:    Checking defaults for U/cmr/m/n on input line 26.
LaTeX Font Info:    ... okay on input line 26.
LaTeX Font Info:    External font `cmex10' loaded for size
(Font)              <14.4> on input line 28.
LaTeX Font Info:    External font `cmex10' loaded for size
(Font)              <7> on input line 28.

Underfull \vbox (badness 10000) has occurred while \output is active []

 [1{C:/Users/Brent Palmer/AppData/Local/MiKTeX/fonts/map/pdftex/pdftex.map}


] [2

]
(documentclass.aux) ) 
Here is how much of TeX's memory you used:
 922 strings out of 476410
 20730 string characters out of 5785773
 1859845 words of memory out of 5000000
 21343 multiletter control sequences out of 15000+600000
 514403 words of font info for 39 fonts, out of 8000000 for 9000
 1141 hyphenation exceptions out of 8191
 72i,8n,77p,219b,219s stack positions out of 10000i,1000n,20000p,200000b,200000s
<C:/Users/Brent Palmer/AppData/Local/Programs/MiKTeX/fonts
/type1/public/amsfonts/cm/cmbx12.pfb><C:/Users/Brent Palmer/AppData/Local/Progr
ams/MiKTeX/fonts/type1/public/amsfonts/cm/cmr12.pfb><C:/Users/Brent Palmer/AppD
ata/Local/Programs/MiKTeX/fonts/type1/public/amsfonts/cm/cmr17.pfb>
Output written on documentclass.pdf (2 pages, 41973 bytes).
PDF statistics:
 24 PDF objects out of 1000 (max. 8388607)
 0 named destinations out of 1000 (max. 500000)
 1 words of extra memory for PDF output out of 10000 (max. 10000000)

